[INFO ] 2020-03-09 15:45:48,710 com.st.stm32cube.ide.common.services.mx.rcp.CubeIdeServices - Start Cube IDE services
[INFO ] 2020-03-09 15:45:48,760 com.st.stm32cube.ide.common.services.mx.rcp.CubeIdeServices - Cube IDE services are relying on '1.1.0.19rc7_generators' product version and '4545_20191011-1318(UTC)' build version 
[INFO ] 2020-03-09 15:45:48,760 com.st.stm32cube.ide.common.services.mx.rcp.CubeIdeServices - Analyze Cube IDE services command line
[INFO ] 2020-03-09 15:45:48,790 com.st.stm32cube.ide.common.services.mx.rcp.CubeIdeServices - Look for Cube IDE service type
[INFO ] 2020-03-09 15:45:48,926 com.st.stm32cube.ide.common.services.mx.rcp.CubeIdeServices - Use Cube IDE service: 'Mx update project service'
[INFO ] 2020-03-09 15:45:48,926 com.st.stm32cube.ide.common.services.mx.rcp.CubeIdeServices - Look for Cube IDE service option(s)
[WARN ] 2020-03-09 15:45:48,926 com.st.stm32cube.ide.common.services.mx.rcp.CubeIdeServices - Argument '-rmiServerPort' is ignored
[WARN ] 2020-03-09 15:45:48,926 com.st.stm32cube.ide.common.services.mx.rcp.CubeIdeServices - Argument '6543' is ignored
[INFO ] 2020-03-09 15:45:48,926 com.st.stm32cube.ide.common.services.mx.rcp.CubeIdeServices - Check Cube IDE service option(s)
[INFO ] 2020-03-09 15:45:48,926 com.st.stm32cube.ide.common.services.mx.rcp.CubeIdeServices - Run Cube IDE service
[INFO ] 2020-03-09 15:45:53,348 com.st.stm32cube.ide.common.services.mx.rcp.CubeIdeServices - End Cube IDE services
[INFO ] 2020-03-09 15:55:33,667 com.st.stm32cube.ide.common.services.mx.rcp.CubeIdeServices - Start Cube IDE services
[INFO ] 2020-03-09 15:55:33,677 com.st.stm32cube.ide.common.services.mx.rcp.CubeIdeServices - Cube IDE services are relying on '1.1.0.19rc7_generators' product version and '4545_20191011-1318(UTC)' build version 
[INFO ] 2020-03-09 15:55:33,677 com.st.stm32cube.ide.common.services.mx.rcp.CubeIdeServices - Analyze Cube IDE services command line
[INFO ] 2020-03-09 15:55:33,687 com.st.stm32cube.ide.common.services.mx.rcp.CubeIdeServices - Look for Cube IDE service type
[INFO ] 2020-03-09 15:55:33,697 com.st.stm32cube.ide.common.services.mx.rcp.CubeIdeServices - Use Cube IDE service: 'Mx update project service'
[INFO ] 2020-03-09 15:55:33,697 com.st.stm32cube.ide.common.services.mx.rcp.CubeIdeServices - Look for Cube IDE service option(s)
[WARN ] 2020-03-09 15:55:33,697 com.st.stm32cube.ide.common.services.mx.rcp.CubeIdeServices - Argument '-rmiServerPort' is ignored
[WARN ] 2020-03-09 15:55:33,697 com.st.stm32cube.ide.common.services.mx.rcp.CubeIdeServices - Argument '6544' is ignored
[INFO ] 2020-03-09 15:55:33,697 com.st.stm32cube.ide.common.services.mx.rcp.CubeIdeServices - Check Cube IDE service option(s)
[INFO ] 2020-03-09 15:55:33,697 com.st.stm32cube.ide.common.services.mx.rcp.CubeIdeServices - Run Cube IDE service
[INFO ] 2020-03-09 15:55:37,177 com.st.stm32cube.ide.common.services.mx.rcp.CubeIdeServices - End Cube IDE services
[INFO ] 2020-03-09 16:00:29,705 com.st.stm32cube.ide.common.services.mx.rcp.CubeIdeServices - Start Cube IDE services
[INFO ] 2020-03-09 16:00:29,715 com.st.stm32cube.ide.common.services.mx.rcp.CubeIdeServices - Cube IDE services are relying on '1.1.0.19rc7_generators' product version and '4545_20191011-1318(UTC)' build version 
[INFO ] 2020-03-09 16:00:29,715 com.st.stm32cube.ide.common.services.mx.rcp.CubeIdeServices - Analyze Cube IDE services command line
[INFO ] 2020-03-09 16:00:29,725 com.st.stm32cube.ide.common.services.mx.rcp.CubeIdeServices - Look for Cube IDE service type
[INFO ] 2020-03-09 16:00:29,735 com.st.stm32cube.ide.common.services.mx.rcp.CubeIdeServices - Use Cube IDE service: 'Mx update project service'
[INFO ] 2020-03-09 16:00:29,735 com.st.stm32cube.ide.common.services.mx.rcp.CubeIdeServices - Look for Cube IDE service option(s)
[WARN ] 2020-03-09 16:00:29,735 com.st.stm32cube.ide.common.services.mx.rcp.CubeIdeServices - Argument '-rmiServerPort' is ignored
[WARN ] 2020-03-09 16:00:29,735 com.st.stm32cube.ide.common.services.mx.rcp.CubeIdeServices - Argument '6545' is ignored
[INFO ] 2020-03-09 16:00:29,735 com.st.stm32cube.ide.common.services.mx.rcp.CubeIdeServices - Check Cube IDE service option(s)
[INFO ] 2020-03-09 16:00:29,735 com.st.stm32cube.ide.common.services.mx.rcp.CubeIdeServices - Run Cube IDE service
[INFO ] 2020-03-09 16:00:33,355 com.st.stm32cube.ide.common.services.mx.rcp.CubeIdeServices - End Cube IDE services
[INFO ] 2020-03-09 16:06:42,211 com.st.stm32cube.ide.common.services.mx.rcp.CubeIdeServices - Start Cube IDE services
[INFO ] 2020-03-09 16:06:42,221 com.st.stm32cube.ide.common.services.mx.rcp.CubeIdeServices - Cube IDE services are relying on '1.1.0.19rc7_generators' product version and '4545_20191011-1318(UTC)' build version 
[INFO ] 2020-03-09 16:06:42,221 com.st.stm32cube.ide.common.services.mx.rcp.CubeIdeServices - Analyze Cube IDE services command line
[INFO ] 2020-03-09 16:06:42,221 com.st.stm32cube.ide.common.services.mx.rcp.CubeIdeServices - Look for Cube IDE service type
[INFO ] 2020-03-09 16:06:42,231 com.st.stm32cube.ide.common.services.mx.rcp.CubeIdeServices - Use Cube IDE service: 'Mx update project service'
[INFO ] 2020-03-09 16:06:42,231 com.st.stm32cube.ide.common.services.mx.rcp.CubeIdeServices - Look for Cube IDE service option(s)
[WARN ] 2020-03-09 16:06:42,231 com.st.stm32cube.ide.common.services.mx.rcp.CubeIdeServices - Argument '-rmiServerPort' is ignored
[WARN ] 2020-03-09 16:06:42,231 com.st.stm32cube.ide.common.services.mx.rcp.CubeIdeServices - Argument '6546' is ignored
[INFO ] 2020-03-09 16:06:42,231 com.st.stm32cube.ide.common.services.mx.rcp.CubeIdeServices - Check Cube IDE service option(s)
[INFO ] 2020-03-09 16:06:42,231 com.st.stm32cube.ide.common.services.mx.rcp.CubeIdeServices - Run Cube IDE service
[INFO ] 2020-03-09 16:06:45,421 com.st.stm32cube.ide.common.services.mx.rcp.CubeIdeServices - End Cube IDE services
[INFO ] 2020-03-09 16:11:02,651 com.st.stm32cube.ide.common.services.mx.rcp.CubeIdeServices - Start Cube IDE services
[INFO ] 2020-03-09 16:11:02,661 com.st.stm32cube.ide.common.services.mx.rcp.CubeIdeServices - Cube IDE services are relying on '1.1.0.19rc7_generators' product version and '4545_20191011-1318(UTC)' build version 
[INFO ] 2020-03-09 16:11:02,661 com.st.stm32cube.ide.common.services.mx.rcp.CubeIdeServices - Analyze Cube IDE services command line
[INFO ] 2020-03-09 16:11:02,661 com.st.stm32cube.ide.common.services.mx.rcp.CubeIdeServices - Look for Cube IDE service type
[INFO ] 2020-03-09 16:11:02,681 com.st.stm32cube.ide.common.services.mx.rcp.CubeIdeServices - Use Cube IDE service: 'Mx update project service'
[INFO ] 2020-03-09 16:11:02,681 com.st.stm32cube.ide.common.services.mx.rcp.CubeIdeServices - Look for Cube IDE service option(s)
[WARN ] 2020-03-09 16:11:02,681 com.st.stm32cube.ide.common.services.mx.rcp.CubeIdeServices - Argument '-rmiServerPort' is ignored
[WARN ] 2020-03-09 16:11:02,681 com.st.stm32cube.ide.common.services.mx.rcp.CubeIdeServices - Argument '6547' is ignored
[INFO ] 2020-03-09 16:11:02,681 com.st.stm32cube.ide.common.services.mx.rcp.CubeIdeServices - Check Cube IDE service option(s)
[INFO ] 2020-03-09 16:11:02,681 com.st.stm32cube.ide.common.services.mx.rcp.CubeIdeServices - Run Cube IDE service
[INFO ] 2020-03-09 16:11:05,789 com.st.stm32cube.ide.common.services.mx.rcp.CubeIdeServices - End Cube IDE services
[INFO ] 2020-03-09 16:15:32,201 com.st.stm32cube.ide.common.services.mx.rcp.CubeIdeServices - Start Cube IDE services
[INFO ] 2020-03-09 16:15:32,211 com.st.stm32cube.ide.common.services.mx.rcp.CubeIdeServices - Cube IDE services are relying on '1.1.0.19rc7_generators' product version and '4545_20191011-1318(UTC)' build version 
[INFO ] 2020-03-09 16:15:32,211 com.st.stm32cube.ide.common.services.mx.rcp.CubeIdeServices - Analyze Cube IDE services command line
[INFO ] 2020-03-09 16:15:32,211 com.st.stm32cube.ide.common.services.mx.rcp.CubeIdeServices - Look for Cube IDE service type
[INFO ] 2020-03-09 16:15:32,231 com.st.stm32cube.ide.common.services.mx.rcp.CubeIdeServices - Use Cube IDE service: 'Mx update project service'
[INFO ] 2020-03-09 16:15:32,231 com.st.stm32cube.ide.common.services.mx.rcp.CubeIdeServices - Look for Cube IDE service option(s)
[WARN ] 2020-03-09 16:15:32,231 com.st.stm32cube.ide.common.services.mx.rcp.CubeIdeServices - Argument '-rmiServerPort' is ignored
[WARN ] 2020-03-09 16:15:32,231 com.st.stm32cube.ide.common.services.mx.rcp.CubeIdeServices - Argument '6548' is ignored
[INFO ] 2020-03-09 16:15:32,231 com.st.stm32cube.ide.common.services.mx.rcp.CubeIdeServices - Check Cube IDE service option(s)
[INFO ] 2020-03-09 16:15:32,231 com.st.stm32cube.ide.common.services.mx.rcp.CubeIdeServices - Run Cube IDE service
[INFO ] 2020-03-09 16:15:35,341 com.st.stm32cube.ide.common.services.mx.rcp.CubeIdeServices - End Cube IDE services
[INFO ] 2020-03-09 16:16:46,769 com.st.stm32cube.ide.common.services.mx.rcp.CubeIdeServices - Start Cube IDE services
[INFO ] 2020-03-09 16:16:46,769 com.st.stm32cube.ide.common.services.mx.rcp.CubeIdeServices - Cube IDE services are relying on '1.1.0.19rc7_generators' product version and '4545_20191011-1318(UTC)' build version 
[INFO ] 2020-03-09 16:16:46,769 com.st.stm32cube.ide.common.services.mx.rcp.CubeIdeServices - Analyze Cube IDE services command line
[INFO ] 2020-03-09 16:16:46,779 com.st.stm32cube.ide.common.services.mx.rcp.CubeIdeServices - Look for Cube IDE service type
[INFO ] 2020-03-09 16:16:46,789 com.st.stm32cube.ide.common.services.mx.rcp.CubeIdeServices - Use Cube IDE service: 'Mx update project service'
[INFO ] 2020-03-09 16:16:46,789 com.st.stm32cube.ide.common.services.mx.rcp.CubeIdeServices - Look for Cube IDE service option(s)
[WARN ] 2020-03-09 16:16:46,789 com.st.stm32cube.ide.common.services.mx.rcp.CubeIdeServices - Argument '-rmiServerPort' is ignored
[WARN ] 2020-03-09 16:16:46,789 com.st.stm32cube.ide.common.services.mx.rcp.CubeIdeServices - Argument '6549' is ignored
[INFO ] 2020-03-09 16:16:46,789 com.st.stm32cube.ide.common.services.mx.rcp.CubeIdeServices - Check Cube IDE service option(s)
[INFO ] 2020-03-09 16:16:46,789 com.st.stm32cube.ide.common.services.mx.rcp.CubeIdeServices - Run Cube IDE service
[INFO ] 2020-03-09 16:16:49,979 com.st.stm32cube.ide.common.services.mx.rcp.CubeIdeServices - End Cube IDE services
[INFO ] 2020-03-09 17:14:04,580 com.st.stm32cube.ide.common.services.mx.rcp.CubeIdeServices - Start Cube IDE services
[INFO ] 2020-03-09 17:14:04,580 com.st.stm32cube.ide.common.services.mx.rcp.CubeIdeServices - Cube IDE services are relying on '1.1.0.19rc7_generators' product version and '4545_20191011-1318(UTC)' build version 
[INFO ] 2020-03-09 17:14:04,590 com.st.stm32cube.ide.common.services.mx.rcp.CubeIdeServices - Analyze Cube IDE services command line
[INFO ] 2020-03-09 17:14:04,590 com.st.stm32cube.ide.common.services.mx.rcp.CubeIdeServices - Look for Cube IDE service type
[INFO ] 2020-03-09 17:14:04,600 com.st.stm32cube.ide.common.services.mx.rcp.CubeIdeServices - Use Cube IDE service: 'Mx update project service'
[INFO ] 2020-03-09 17:14:04,600 com.st.stm32cube.ide.common.services.mx.rcp.CubeIdeServices - Look for Cube IDE service option(s)
[WARN ] 2020-03-09 17:14:04,600 com.st.stm32cube.ide.common.services.mx.rcp.CubeIdeServices - Argument '-rmiServerPort' is ignored
[WARN ] 2020-03-09 17:14:04,600 com.st.stm32cube.ide.common.services.mx.rcp.CubeIdeServices - Argument '6550' is ignored
[INFO ] 2020-03-09 17:14:04,600 com.st.stm32cube.ide.common.services.mx.rcp.CubeIdeServices - Check Cube IDE service option(s)
[INFO ] 2020-03-09 17:14:04,600 com.st.stm32cube.ide.common.services.mx.rcp.CubeIdeServices - Run Cube IDE service
[INFO ] 2020-03-09 17:14:07,820 com.st.stm32cube.ide.common.services.mx.rcp.CubeIdeServices - End Cube IDE services
